[11:16:34] [ServerMain/INFO]: Environment: authHost='https://authserver.mojang.com', accountsHost='https://api.mojang.com', sessionHost='https://sessionserver.mojang.com', servicesHost='https://api.minecraftservices.com', name='PROD'
[11:16:36] [Worker-Main-1/INFO]: Loaded 7 recipes
[11:16:38] [Server thread/INFO]: Starting minecraft server version 1.18.2
[11:16:38] [Server thread/INFO]: Loading properties
[11:16:38] [Server thread/INFO]: This server is running Paper version git-Paper-388 (MC: 1.18.2) (Implementing API version 1.18.2-R0.1-SNAPSHOT) (Git: fc9ee65 on ver/1.18.2)
[11:16:38] [Server thread/INFO]: Server Ping Player Sample Count: 12
[11:16:38] [Server thread/INFO]: Using 4 threads for Netty based IO
[11:16:39] [Server thread/INFO]: Default game type: SURVIVAL
[11:16:39] [Server thread/INFO]: Generating keypair
[11:16:39] [Server thread/INFO]: Starting Minecraft server on *:25565
[11:16:39] [Server thread/INFO]: Using epoll channel type
[11:16:39] [Server thread/INFO]: Paper: Using libdeflate (Linux x86_64) compression from Velocity.
[11:16:39] [Server thread/INFO]: Paper: Using OpenSSL 1.1.x (Linux x86_64) cipher from Velocity.
[11:16:39] [Server thread/INFO]: Server permissions file permissions.yml is empty, ignoring it
[11:16:39] [Server thread/WARN]: **** SERVER IS RUNNING IN OFFLINE/INSECURE MODE!
[11:16:39] [Server thread/WARN]: The server will make no attempt to authenticate usernames. Beware.
[11:16:39] [Server thread/WARN]: While this makes the game possible to play without internet access, it also opens up the ability for hackers to connect with any username they choose.
[11:16:39] [Server thread/WARN]: To change this, set "online-mode" to "true" in the server.properties file.
[11:16:39] [Server thread/INFO]: Preparing level "world"
[11:16:46] [Server thread/INFO]: Preparing start region for dimension minecraft:overworld
[11:16:47] [Server thread/INFO]: Preparing spawn area: 0%
[11:16:47] [Server thread/INFO]: Preparing spawn area: 0%
[11:16:47] [Server thread/INFO]: Preparing spawn area: 0%
[11:16:47] [Server thread/INFO]: Preparing spawn area: 0%
[11:16:48] [Server thread/INFO]: Preparing spawn area: 0%
[11:16:48] [Server thread/INFO]: Preparing spawn area: 0%
[11:16:49] [Server thread/INFO]: Time elapsed: 2583 ms
[11:16:49] [Server thread/INFO]: Preparing start region for dimension minecraft:the_nether
[11:16:49] [Server thread/INFO]: Preparing spawn area: 0%
[11:16:49] [Server thread/INFO]: Preparing spawn area: 0%
[11:16:50] [Server thread/INFO]: Preparing spawn area: 0%
[11:16:50] [Server thread/INFO]: Preparing spawn area: 0%
[11:16:51] [Server thread/INFO]: Preparing spawn area: 0%
[11:16:51] [Server thread/INFO]: Time elapsed: 2014 ms
[11:16:51] [Server thread/INFO]: Preparing start region for dimension minecraft:the_end
[11:16:51] [Server thread/INFO]: Preparing spawn area: 0%
[11:16:51] [Server thread/INFO]: Preparing spawn area: 0%
[11:16:52] [Server thread/INFO]: Preparing spawn area: 0%
[11:16:52] [Server thread/INFO]: Preparing spawn area: 0%
[11:16:53] [Server thread/INFO]: Time elapsed: 1997 ms
[11:16:53] [Server thread/INFO]: Running delayed init tasks
[11:16:53] [Server thread/INFO]: Done (14.378s)! For help, type "help"
[11:16:53] [Server thread/INFO]: Timings Reset
[11:16:59] [User Authenticator #1/INFO]: UUID of player EducatedBucket is 4518d19d-c7f2-3560-865a-e24f9c7fa154
[11:16:59] [Server thread/INFO]: EducatedBucket joined the game
[11:16:59] [Server thread/INFO]: EducatedBucket[/127.118.195.103:51535] logged in with entity id 237 at ([world]-33.30000001192093, 68.55622964852428, -1.1248913859731358)
[11:17:24] [Server thread/ERROR]: Encountered an unexpected exception
net.minecraft.ReportedException: Exception ticking world
	at net.minecraft.server.MinecraftServer.tickChildren(MinecraftServer.java:1612) ~[paper-1.18.2.jar:git-Paper-388]
	at net.minecraft.server.dedicated.DedicatedServer.tickChildren(DedicatedServer.java:483) ~[paper-1.18.2.jar:git-Paper-388]
	at net.minecraft.server.MinecraftServer.tickServer(MinecraftServer.java:1456) ~[paper-1.18.2.jar:git-Paper-388]
	at net.minecraft.server.MinecraftServer.runServer(MinecraftServer.java:1226) ~[paper-1.18.2.jar:git-Paper-388]
	at net.minecraft.server.MinecraftServer.lambda$spin$0(MinecraftServer.java:316) ~[paper-1.18.2.jar:git-Paper-388]
	at java.lang.Thread.run(Thread.java:831) ~[?:?]
Caused by: java.lang.NoSuchMethodError: 'float java.util.Random.nextFloat(float)'
	at net.minecraft.world.level.block.CaveVinesBlock.getGrowIntoState(CaveVinesBlock.java:56) ~[paper-1.18.2.jar:git-Paper-388]
	at net.minecraft.world.level.block.GrowingPlantHeadBlock.randomTick(GrowingPlantHeadBlock.java:61) ~[?:?]
	at net.minecraft.world.level.block.state.BlockBehaviour$BlockStateBase.randomTick(BlockBehaviour.java:1019) ~[?:?]
	at net.minecraft.server.level.ServerLevel.tickChunk(ServerLevel.java:839) ~[?:?]
	at net.minecraft.server.level.ServerChunkCache.tickChunks(ServerChunkCache.java:1027) ~[?:?]
	at net.minecraft.server.level.ServerChunkCache.tick(ServerChunkCache.java:907) ~[?:?]
	at net.minecraft.server.level.ServerLevel.tick(ServerLevel.java:629) ~[?:?]
	at net.minecraft.server.MinecraftServer.tickChildren(MinecraftServer.java:1593) ~[paper-1.18.2.jar:git-Paper-388]
	... 5 more
[11:17:24] [Server thread/ERROR]: 	Cause of unexpected exception was
java.lang.NoSuchMethodError: 'float java.util.Random.nextFloat(float)'
	at net.minecraft.world.level.block.CaveVinesBlock.getGrowIntoState(CaveVinesBlock.java:56) ~[paper-1.18.2.jar:git-Paper-388]
	at net.minecraft.world.level.block.GrowingPlantHeadBlock.randomTick(GrowingPlantHeadBlock.java:61) ~[?:?]
	at net.minecraft.world.level.block.state.BlockBehaviour$BlockStateBase.randomTick(BlockBehaviour.java:1019) ~[?:?]
	at net.minecraft.server.level.ServerLevel.tickChunk(ServerLevel.java:839) ~[?:?]
	at net.minecraft.server.level.ServerChunkCache.tickChunks(ServerChunkCache.java:1027) ~[?:?]
	at net.minecraft.server.level.ServerChunkCache.tick(ServerChunkCache.java:907) ~[?:?]
	at net.minecraft.server.level.ServerLevel.tick(ServerLevel.java:629) ~[?:?]
	at net.minecraft.server.MinecraftServer.tickChildren(MinecraftServer.java:1593) ~[paper-1.18.2.jar:git-Paper-388]
	at net.minecraft.server.dedicated.DedicatedServer.tickChildren(DedicatedServer.java:483) ~[paper-1.18.2.jar:git-Paper-388]
	at net.minecraft.server.MinecraftServer.tickServer(MinecraftServer.java:1456) ~[paper-1.18.2.jar:git-Paper-388]
	at net.minecraft.server.MinecraftServer.runServer(MinecraftServer.java:1226) ~[paper-1.18.2.jar:git-Paper-388]
	at net.minecraft.server.MinecraftServer.lambda$spin$0(MinecraftServer.java:316) ~[paper-1.18.2.jar:git-Paper-388]
	at java.lang.Thread.run(Thread.java:831) ~[?:?]
[11:17:24] [Server thread/ERROR]: This crash report has been saved to: /minecraft/data/./crash-reports/crash-2024-09-13_11.17.24-server.txt
[11:17:24] [Server thread/INFO]: Stopping server
[11:17:24] [Server thread/INFO]: Saving players
[11:17:24] [Server thread/INFO]: EducatedBucket lost connection: Server closed
[11:17:24] [Server thread/INFO]: EducatedBucket left the game
[11:17:24] [Server thread/INFO]: Saving worlds
[11:17:35] [Server thread/INFO]: Saving chunks for level 'ServerLevel[world]'/minecraft:overworld
[11:17:35] [Server thread/INFO]: Saving chunks for level 'ServerLevel[world_nether]'/minecraft:the_nether
[11:17:35] [Server thread/INFO]: Saving chunks for level 'ServerLevel[world_the_end]'/minecraft:the_end
[11:17:35] [Server thread/INFO]: ThreadedAnvilChunkStorage (world): All chunks are saved
[11:17:35] [Server thread/INFO]: ThreadedAnvilChunkStorage (DIM-1): All chunks are saved
[11:17:35] [Server thread/INFO]: ThreadedAnvilChunkStorage (DIM1): All chunks are saved
[11:17:35] [Server thread/INFO]: ThreadedAnvilChunkStorage: All dimensions are saved
[11:17:35] [Server thread/INFO]: Flushing Chunk IO
[11:17:35] [Server thread/INFO]: Closing Thread Pool
[11:17:35] [Server thread/INFO]: Closing Server
